This is pdfTeX, Version 3.14159265-2.6-1.40.21 (TeX Live 2020) (preloaded format=pdflatex 2020.6.21)  21 JUN 2020 14:49
entering extended mode
 restricted \write18 enabled.
 %&-line parsing enabled.
**/Users/simeonduckworth/.local/share/pandoc/templates/ieee.latex
(/Users/simeonduckworth/.local/share/pandoc/templates/ieee.latex
LaTeX2e <2020-02-02> patch level 5
L3 programming layer <2020-06-18>

! LaTeX Error: File `IEEEtran.cls' not found.

Type X to quit or <RETURN> to proceed,
or enter new name. (Default extension: cls)

Enter file name: 
! Emergency stop.
<read *> 
         
l.2 $
     if(beamerarticle)$^^M 
Here is how much of TeX's memory you used:
 24 strings out of 482419
 610 string characters out of 5946349
 234276 words of memory out of 5000000
 15901 multiletter control sequences out of 15000+600000
 532338 words of font info for 24 fonts, out of 8000000 for 9000
 14 hyphenation exceptions out of 8191
 14i,0n,17p,267b,10s stack positions out of 5000i,500n,10000p,200000b,80000s

!  ==> Fatal error occurred, no output PDF file produced!
